<?xml version="1.0" encoding="UTF-8"?>
<!-- Generated by org.testng.reporters.JUnitReportReporter -->
<testsuite hostname="DESKTOP-Q82COF0" failures="0" tests="1" name="mavenforjenkins.UITest" time="17.546" errors="0" timestamp="2023-05-26T16:43:05 IST" skipped="0">
  <testcase classname="mavenforjenkins.UITest" name="startBrowser" time="17.546"/>
  <system-out/>
</testsuite> <!-- mavenforjenkins.UITest -->
